[2m2024-12-07T20:44:19.218878Z[0m [31mERROR[0m [2mglazewm[0m[2m:[0m Workspace with name '6' doesn't exist or is already active.
[2m2024-12-09T17:11:30.812458Z[0m [31mERROR[0m [2mglazewm[0m[2m:[0m At least 1 workspace is required per monitor.

Caused by:
    No workspace config available to activate workspace.
[2m2024-12-09T17:13:25.277326Z[0m [31mERROR[0m [2mglazewm[0m[2m:[0m Failed to get workspace of nearest monitor.
[2m2024-12-09T17:13:26.670531Z[0m [31mERROR[0m [2mglazewm[0m[2m:[0m Failed to get workspace of nearest monitor.
[2m2024-12-09T17:13:27.478288Z[0m [31mERROR[0m [2mglazewm[0m[2m:[0m Failed to get workspace of nearest monitor.
[2m2024-12-09T17:13:37.465172Z[0m [31mERROR[0m [2mglazewm[0m[2m:[0m Another instance of the application is already running.
[2m2024-12-09T17:39:48.581779Z[0m [31mERROR[0m [2mglazewm[0m[2m:[0m At least 1 workspace is required per monitor.

Caused by:
    No workspace config available to activate workspace.
[2m2024-12-11T18:43:51.010393Z[0m [31mERROR[0m [2mglazewm[0m[2m:[0m Workspace with name '6' doesn't exist or is already active.
[2m2025-01-01T17:44:15.069818Z[0m [31mERROR[0m [2mglazewm[0m[2m:[0m Another instance of the application is already running.
[2m2025-01-15T12:39:15.677701Z[0m [31mERROR[0m [2mglazewm[0m[2m:[0m Workspace with name '4' doesn't exist or is already active.
[2m2025-01-15T12:40:03.528160Z[0m [31mERROR[0m [2mglazewm[0m[2m:[0m Workspace with name '4' doesn't exist or is already active.
[2m2025-01-15T12:40:26.064369Z[0m [31mERROR[0m [2mglazewm[0m[2m:[0m Workspace with name '4' doesn't exist or is already active.
[2m2025-01-15T12:40:36.847589Z[0m [31mERROR[0m [2mglazewm[0m[2m:[0m Workspace with name '4' doesn't exist or is already active.
[2m2025-01-15T12:44:07.543479Z[0m [31mERROR[0m [2mglazewm[0m[2m:[0m Workspace with name '5' doesn't exist or is already active.
[2m2025-01-15T12:52:48.443981Z[0m [31mERROR[0m [2mglazewm[0m[2m:[0m Workspace with name '5' doesn't exist or is already active.
[2m2025-01-17T12:34:04.164865Z[0m [31mERROR[0m [2mglazewm[0m[2m:[0m Workspace with name '6' doesn't exist or is already active.
[2m2025-01-19T10:33:21.991858Z[0m [31mERROR[0m [2mglazewm[0m[2m:[0m Workspace with name '6' doesn't exist or is already active.
[2m2025-01-19T14:32:23.578435Z[0m [31mERROR[0m [2mglazewm[0m[2m:[0m Workspace with name '6' doesn't exist or is already active.
[2m2025-01-27T16:50:56.901367Z[0m [31mERROR[0m [2mglazewm[0m[2m:[0m Workspace with name '6' doesn't exist or is already active.
[2m2025-02-14T12:15:47.380068Z[0m [31mERROR[0m [2mglazewm[0m[2m:[0m Another instance of the application is already running.
[2m2025-02-14T12:30:07.186098Z[0m [31mERROR[0m [2mglazewm[0m[2m:[0m Workspace with name '6' doesn't exist or is already active.
[2m2025-02-16T00:12:36.368664Z[0m [31mERROR[0m [2mglazewm[0m[2m:[0m Workspace with name '5' doesn't exist or is already active.
[2m2025-02-17T08:53:55.234411Z[0m [31mERROR[0m [2mglazewm[0m[2m:[0m Another instance of the application is already running.
[2m2025-02-17T19:33:27.496542Z[0m [31mERROR[0m [2mglazewm[0m[2m:[0m Workspace with name '5' doesn't exist or is already active.
[2m2025-02-27T11:59:18.489683Z[0m [31mERROR[0m [2mglazewm::common::commands::shell_exec[0m[2m:[0m [3merr_message[0m[2m=[0m"Failed to execute 'start \"\" wezterm'.\n\nError: The operation was canceled by the user. (0x800704C7)"
[2m2025-02-27T12:01:36.411595Z[0m [31mERROR[0m [2mglazewm::common::commands::shell_exec[0m[2m:[0m [3merr_message[0m[2m=[0m"Failed to execute '\"C:\\Program Files\\WezTerm\\wezterm-gui.exe\"'.\n\nError: Command doesn't have an ending `\"`: '\"C:\\Program Files\\WezTerm\\wezterm-gui.exe\"'."
[2m2025-02-27T13:00:29.815798Z[0m [31mERROR[0m [2mglazewm::common::commands::shell_exec[0m[2m:[0m [3merr_message[0m[2m=[0m"Failed to execute 'alacritty'.\n\nError: The operation was canceled by the user. (0x800704C7)"
[2m2025-02-27T20:28:23.810892Z[0m [31mERROR[0m [2mglazewm[0m[2m:[0m window_effects.focused_window.border.enabled: invalid type: string "true color", expected a boolean at line 50 column 16
[2m2025-02-27T20:28:58.754167Z[0m [31mERROR[0m [2mglazewm[0m[2m:[0m window_effects.focused_window.border.enabled: invalid type: string "true color", expected a boolean at line 50 column 16
[2m2025-03-03T23:43:35.019080Z[0m [31mERROR[0m [2mglazewm[0m[2m:[0m Workspace with name '6' doesn't exist or is already active.
[2m2025-03-04T18:29:23.703199Z[0m [31mERROR[0m [2mglazewm[0m[2m:[0m Workspace with name '6' doesn't exist or is already active.
[2m2025-03-04T21:04:04.694316Z[0m [31mERROR[0m [2mglazewm[0m[2m:[0m Workspace with name '6' doesn't exist or is already active.
[2m2025-03-26T18:09:27.950630Z[0m [31mERROR[0m [2mglazewm[0m[2m:[0m Invalid window handle. (0x80070578)
